<?xml version="1.0" encoding="UTF-8"?>
<!-- Generated by org.testng.reporters.JUnitReportReporter -->
<testsuite hostname="SONIC" failures="0" tests="2" name="api.test.UserTests" time="5.461" errors="0" timestamp="2025-01-12T11:42:13 IST" skipped="0">
  <testcase classname="api.test.UserTests" name="testPostUser" time="3.903"/>
  <testcase classname="api.test.UserTests" name="getUserByName" time="1.558"/>
</testsuite> <!-- api.test.UserTests -->
