<?xml version="1.0" encoding="UTF-8"?>
<!-- Generated by org.testng.reporters.JUnitReportReporter -->
<testsuite hostname="SONIC" failures="0" tests="6" name="api.test.DDUserTest" time="6.738" errors="0" timestamp="2025-01-14T14:35:21 IST" skipped="0">
  <testcase classname="api.test.DDUserTest" name="testPostUser" time="1.143"/>
  <testcase classname="api.test.DDUserTest" name="testPostUser" time="1.160"/>
  <testcase classname="api.test.DDUserTest" name="testPostUser" time="1.124"/>
  <testcase classname="api.test.DDUserTest" name="testDeleteUserByName" time="1.138"/>
  <testcase classname="api.test.DDUserTest" name="testDeleteUserByName" time="1.109"/>
  <testcase classname="api.test.DDUserTest" name="testDeleteUserByName" time="1.064"/>
</testsuite> <!-- api.test.DDUserTest -->
