<?xml version="1.0" encoding="UTF-8"?>
<!-- Generated by org.testng.reporters.JUnitReportReporter -->
<testsuite hostname="SONIC" failures="0" tests="2" name="api.test.UserTests" time="4.355" errors="0" timestamp="2025-01-12T19:07:15 IST" skipped="0">
  <testcase classname="api.test.UserTests" name="testPostUser" time="3.188"/>
  <testcase classname="api.test.UserTests" name="getUserByName" time="1.167"/>
</testsuite> <!-- api.test.UserTests -->
