<?xml version="1.0" encoding="UTF-8"?>
<!-- Generated by org.testng.reporters.JUnitReportReporter -->
<testsuite hostname="SONIC" failures="0" tests="2" name="api.test.UserTests2" time="2.304" errors="0" timestamp="2025-01-12T19:07:15 IST" skipped="0">
  <testcase classname="api.test.UserTests2" name="testPostUser" time="1.167"/>
  <testcase classname="api.test.UserTests2" name="getUserByName" time="1.137"/>
</testsuite> <!-- api.test.UserTests2 -->
