<?xml version="1.0" encoding="UTF-8"?>
<!-- Generated by org.testng.reporters.JUnitReportReporter -->
<testsuite hostname="SONIC" failures="0" tests="1" name="runners.TestRunner" time="3.039" errors="0" timestamp="2025-01-18T18:57:39 IST" skipped="0">
  <testcase classname="runners.TestRunner" name="runScenario" time="3.039"/>
</testsuite> <!-- runners.TestRunner -->
