<?xml version="1.0" encoding="UTF-8"?>
<!-- Generated by org.testng.reporters.JUnitReportReporter -->
<testsuite hostname="SONIC" failures="0" tests="2" name="api.test.UserTests2" time="3.838" errors="0" timestamp="2025-01-14T14:35:21 IST" skipped="0">
  <testcase classname="api.test.UserTests2" name="testPostUser" time="2.693"/>
  <testcase classname="api.test.UserTests2" name="getUserByName" time="1.145"/>
</testsuite> <!-- api.test.UserTests2 -->
