<?xml version="1.0" encoding="UTF-8"?>
<!-- Generated by org.testng.reporters.JUnitReportReporter -->
<testsuite hostname="SONIC" failures="0" tests="6" name="api.test.DDUserTest" time="8.405" errors="0" timestamp="2025-01-12T19:42:34 IST" skipped="0">
  <testcase classname="api.test.DDUserTest" name="testPostUser" time="1.103"/>
  <testcase classname="api.test.DDUserTest" name="testPostUser" time="2.750"/>
  <testcase classname="api.test.DDUserTest" name="testPostUser" time="1.155"/>
  <testcase classname="api.test.DDUserTest" name="testDeleteUserByName" time="1.140"/>
  <testcase classname="api.test.DDUserTest" name="testDeleteUserByName" time="1.111"/>
  <testcase classname="api.test.DDUserTest" name="testDeleteUserByName" time="1.146"/>
</testsuite> <!-- api.test.DDUserTest -->
