<?xml version="1.0" encoding="UTF-8"?>
<!-- Generated by org.testng.reporters.JUnitReportReporter -->
<testsuite hostname="SONIC" failures="0" tests="2" name="api.test.UserTests" time="3.259" errors="0" timestamp="2025-01-12T19:42:34 IST" skipped="0">
  <testcase classname="api.test.UserTests" name="testPostUser" time="1.071"/>
  <testcase classname="api.test.UserTests" name="getUserByName" time="2.188"/>
</testsuite> <!-- api.test.UserTests -->
